<?xml version="1.0" encoding="UTF-8"?>
<testng-results ignored="0" total="1" passed="1" failed="0" skipped="0">
  <reporter-output>
  </reporter-output>
  <suite started-at="2025-08-24T22:23:28 IST" name="Default suite" finished-at="2025-08-24T22:23:41 IST" duration-ms="12661">
    <groups>
    </groups>
    <test started-at="2025-08-24T22:23:28 IST" name="Default test" finished-at="2025-08-24T22:23:41 IST" duration-ms="12661">
      <class name="addProduct.AddProductToCart">
        <test-method is-config="true" signature="dataBaseConnection()[pri:0, instance:addProduct.AddProductToCart@4f18837a]" started-at="2025-08-24T22:23:28 IST" name="dataBaseConnection" finished-at="2025-08-24T22:23:28 IST" duration-ms="13" status="PASS">
          <reporter-output>
          </reporter-output>
        </test-method> <!-- dataBaseConnection -->
        <test-method is-config="true" signature="bcConfiguration()[pri:0, instance:addProduct.AddProductToCart@4f18837a]" started-at="2025-08-24T22:23:28 IST" name="bcConfiguration" finished-at="2025-08-24T22:23:32 IST" duration-ms="3260" status="PASS">
          <reporter-output>
          </reporter-output>
        </test-method> <!-- bcConfiguration -->
        <test-method is-config="true" signature="appLogin()[pri:0, instance:addProduct.AddProductToCart@4f18837a]" started-at="2025-08-24T22:23:32 IST" name="appLogin" finished-at="2025-08-24T22:23:35 IST" duration-ms="2898" status="PASS">
          <reporter-output>
          </reporter-output>
        </test-method> <!-- appLogin -->
        <test-method signature="addProduct()[pri:0, instance:addProduct.AddProductToCart@4f18837a]" started-at="2025-08-24T22:23:35 IST" name="addProduct" finished-at="2025-08-24T22:23:39 IST" duration-ms="4606" status="PASS">
          <reporter-output>
          </reporter-output>
        </test-method> <!-- addProduct -->
        <test-method is-config="true" signature="logOut()[pri:0, instance:addProduct.AddProductToCart@4f18837a]" started-at="2025-08-24T22:23:39 IST" name="logOut" finished-at="2025-08-24T22:23:41 IST" duration-ms="1553" status="PASS">
          <reporter-output>
          </reporter-output>
        </test-method> <!-- logOut -->
        <test-method is-config="true" signature="closeBr()[pri:0, instance:addProduct.AddProductToCart@4f18837a]" started-at="2025-08-24T22:23:41 IST" name="closeBr" finished-at="2025-08-24T22:23:41 IST" duration-ms="269" status="PASS">
          <reporter-output>
          </reporter-output>
        </test-method> <!-- closeBr -->
        <test-method is-config="true" signature="closeDb()[pri:0, instance:addProduct.AddProductToCart@4f18837a]" started-at="2025-08-24T22:23:41 IST" name="closeDb" finished-at="2025-08-24T22:23:41 IST" duration-ms="2" status="PASS">
          <reporter-output>
          </reporter-output>
        </test-method> <!-- closeDb -->
      </class> <!-- addProduct.AddProductToCart -->
    </test> <!-- Default test -->
  </suite> <!-- Default suite -->
</testng-results>
